<?xml version="1.0" encoding="UTF-8"?>
<coverage generated="1692914934269" clover="3.2.0">
  <project timestamp="1692914934269" name="All files">
    <metrics statements="38" coveredstatements="38" conditionals="33" coveredconditionals="30" methods="14" coveredmethods="14" elements="85" coveredelements="82" complexity="0" loc="38" ncloc="38" packages="2" files="5" classes="5"/>
    <package name=".common">
      <metrics statements="27" coveredstatements="27" conditionals="25" coveredconditionals="22" methods="10" coveredmethods="10"/>
      <file name="button.tsx" path="C:\Users\april\Desktop\Files\React-Project\vite-react\vite-react-app\src\components\.common\button.tsx">
        <metrics statements="8" coveredstatements="8" conditionals="9" coveredconditionals="8" methods="3" coveredmethods="3"/>
        <line num="1" count="1" type="cond" truecount="2" falsecount="0"/>
        <line num="2" count="1" type="stmt"/>
        <line num="3" count="1" type="stmt"/>
        <line num="16" count="1" type="stmt"/>
        <line num="17" count="2" type="cond" truecount="1" falsecount="0"/>
        <line num="18" count="2" type="cond" truecount="2" falsecount="0"/>
        <line num="20" count="2" type="cond" truecount="3" falsecount="1"/>
        <line num="23" count="1" type="stmt"/>
      </file>
      <file name="form.tsx" path="C:\Users\april\Desktop\Files\React-Project\vite-react\vite-react-app\src\components\.common\form.tsx">
        <metrics statements="8" coveredstatements="8" conditionals="2" coveredconditionals="2" methods="3" coveredmethods="3"/>
        <line num="8" count="1" type="stmt"/>
        <line num="9" count="1" type="stmt"/>
        <line num="11" count="1" type="stmt"/>
        <line num="12" count="1" type="stmt"/>
        <line num="13" count="1" type="cond" truecount="2" falsecount="0"/>
        <line num="16" count="1" type="stmt"/>
        <line num="19" count="1" type="stmt"/>
        <line num="26" count="1" type="stmt"/>
      </file>
      <file name="inputField.tsx" path="C:\Users\april\Desktop\Files\React-Project\vite-react\vite-react-app\src\components\.common\inputField.tsx">
        <metrics statements="6" coveredstatements="6" conditionals="14" coveredconditionals="12" methods="3" coveredmethods="3"/>
        <line num="18" count="1" type="stmt"/>
        <line num="19" count="6" type="cond" truecount="1" falsecount="1"/>
        <line num="21" count="6" type="stmt"/>
        <line num="24" count="1" type="cond" truecount="4" falsecount="0"/>
        <line num="25" count="1" type="cond" truecount="2" falsecount="0"/>
        <line num="32" count="1" type="stmt"/>
      </file>
      <file name="mainContainer.tsx" path="C:\Users\april\Desktop\Files\React-Project\vite-react\vite-react-app\src\components\.common\mainContainer.tsx">
        <metrics statements="5" coveredstatements="5" conditionals="0" coveredconditionals="0" methods="1" coveredmethods="1"/>
        <line num="2" count="1" type="stmt"/>
        <line num="8" count="1" type="stmt"/>
        <line num="9" count="1" type="stmt"/>
        <line num="10" count="1" type="stmt"/>
        <line num="18" count="1" type="stmt"/>
      </file>
    </package>
    <package name="Navbar">
      <metrics statements="11" coveredstatements="11" conditionals="8" coveredconditionals="8" methods="4" coveredmethods="4"/>
      <file name="navbar.tsx" path="C:\Users\april\Desktop\Files\React-Project\vite-react\vite-react-app\src\components\Navbar\navbar.tsx">
        <metrics statements="11" coveredstatements="11" conditionals="8" coveredconditionals="8" methods="4" coveredmethods="4"/>
        <line num="1" count="2" type="stmt"/>
        <line num="2" count="2" type="stmt"/>
        <line num="4" count="2" type="stmt"/>
        <line num="6" count="2" type="stmt"/>
        <line num="7" count="7" type="stmt"/>
        <line num="8" count="7" type="stmt"/>
        <line num="9" count="7" type="stmt"/>
        <line num="34" count="1" type="stmt"/>
        <line num="47" count="1" type="stmt"/>
        <line num="74" count="1" type="stmt"/>
        <line num="86" count="2" type="stmt"/>
      </file>
    </package>
  </project>
</coverage>
