{"C:\\Users\\april\\Desktop\\Files\\React-Project\\vite-react\\vite-react-app\\src\\components\\.common\\button.tsx": {"path":"C:\\Users\\april\\Desktop\\Files\\React-Project\\vite-react\\vite-react-app\\src\\components\\.common\\button.tsx","statementMap":{"0":{"start":{"line":1,"column":1},"end":{"line":1,"column":null}},"1":{"start":{"line":2,"column":4},"end":{"line":2,"column":null}},"2":{"start":{"line":3,"column":4},"end":{"line":3,"column":null}},"3":{"start":{"line":16,"column":16},"end":{"line":21,"column":2}},"4":{"start":{"line":17,"column":90},"end":{"line":17,"column":95}},"5":{"start":{"line":18,"column":18},"end":{"line":18,"column":101}},"6":{"start":{"line":20,"column":4},"end":{"line":20,"column":null}},"7":{"start":{"line":20,"column":71},"end":{"line":20,"column":91}},"8":{"start":{"line":23,"column":0},"end":{"line":23,"column":null}}},"fnMap":{"0":{"name":"(anonymous_0)","decl":{"start":{"line":1,"column":1},"end":{"line":1,"column":6}},"loc":{"start":{"line":1,"column":17},"end":{"line":4,"column":2}}},"1":{"name":"(anonymous_1)","decl":{"start":{"line":16,"column":16},"end":{"line":16,"column":17}},"loc":{"start":{"line":16,"column":39},"end":{"line":21,"column":2}}},"2":{"name":"(anonymous_2)","decl":{"start":{"line":20,"column":65},"end":{"line":20,"column":68}},"loc":{"start":{"line":20,"column":71},"end":{"line":20,"column":91}}}},"branchMap":{"0":{"loc":{"start":{"line":1,"column":6},"end":{"line":1,"column":null}},"type":"binary-expr","locations":[{"start":{"line":1,"column":6},"end":{"line":1,"column":17}},{"start":{"line":1,"column":6},"end":{"line":1,"column":null}}]},"1":{"loc":{"start":{"line":17,"column":69},"end":{"line":17,"column":85}},"type":"default-arg","locations":[{"start":{"line":17,"column":76},"end":{"line":17,"column":85}}]},"2":{"loc":{"start":{"line":18,"column":31},"end":{"line":18,"column":100}},"type":"cond-expr","locations":[{"start":{"line":18,"column":62},"end":{"line":18,"column":95}},{"start":{"line":18,"column":98},"end":{"line":18,"column":100}}]},"3":{"loc":{"start":{"line":20,"column":71},"end":{"line":20,"column":91}},"type":"binary-expr","locations":[{"start":{"line":20,"column":71},"end":{"line":20,"column":78}},{"start":{"line":20,"column":82},"end":{"line":20,"column":91}}]},"4":{"loc":{"start":{"line":20,"column":125},"end":{"line":20,"column":163}},"type":"cond-expr","locations":[{"start":{"line":20,"column":153},"end":{"line":20,"column":158}},{"start":{"line":20,"column":161},"end":{"line":20,"column":163}}]}},"s":{"0":1,"1":1,"2":1,"3":1,"4":2,"5":2,"6":2,"7":1,"8":1},"f":{"0":1,"1":2,"2":1},"b":{"0":[1,1],"1":[1],"2":[1,1],"3":[1,1],"4":[2,0]}}
,"C:\\Users\\april\\Desktop\\Files\\React-Project\\vite-react\\vite-react-app\\src\\components\\.common\\form.tsx": {"path":"C:\\Users\\april\\Desktop\\Files\\React-Project\\vite-react\\vite-react-app\\src\\components\\.common\\form.tsx","statementMap":{"0":{"start":{"line":8,"column":13},"end":{"line":24,"column":1}},"1":{"start":{"line":9,"column":50},"end":{"line":9,"column":55}},"2":{"start":{"line":11,"column":25},"end":{"line":14,"column":5}},"3":{"start":{"line":12,"column":8},"end":{"line":12,"column":null}},"4":{"start":{"line":13,"column":8},"end":{"line":13,"column":null}},"5":{"start":{"line":16,"column":4},"end":{"line":22,"column":null}},"6":{"start":{"line":19,"column":29},"end":{"line":19,"column":44}},"7":{"start":{"line":26,"column":0},"end":{"line":26,"column":null}}},"fnMap":{"0":{"name":"(anonymous_0)","decl":{"start":{"line":8,"column":13},"end":{"line":8,"column":14}},"loc":{"start":{"line":8,"column":34},"end":{"line":24,"column":1}}},"1":{"name":"(anonymous_1)","decl":{"start":{"line":11,"column":25},"end":{"line":11,"column":26}},"loc":{"start":{"line":11,"column":65},"end":{"line":14,"column":5}}},"2":{"name":"(anonymous_2)","decl":{"start":{"line":19,"column":22},"end":{"line":19,"column":23}},"loc":{"start":{"line":19,"column":29},"end":{"line":19,"column":44}}}},"branchMap":{"0":{"loc":{"start":{"line":13,"column":8},"end":{"line":13,"column":30}},"type":"binary-expr","locations":[{"start":{"line":13,"column":8},"end":{"line":13,"column":16}},{"start":{"line":13,"column":20},"end":{"line":13,"column":30}}]}},"s":{"0":1,"1":1,"2":1,"3":1,"4":1,"5":1,"6":1,"7":1},"f":{"0":1,"1":1,"2":1},"b":{"0":[1,1]}}
,"C:\\Users\\april\\Desktop\\Files\\React-Project\\vite-react\\vite-react-app\\src\\components\\.common\\inputField.tsx": {"path":"C:\\Users\\april\\Desktop\\Files\\React-Project\\vite-react\\vite-react-app\\src\\components\\.common\\inputField.tsx","statementMap":{"0":{"start":{"line":18,"column":19},"end":{"line":30,"column":1}},"1":{"start":{"line":19,"column":161},"end":{"line":19,"column":166}},"2":{"start":{"line":21,"column":4},"end":{"line":28,"column":null}},"3":{"start":{"line":24,"column":52},"end":{"line":24,"column":84}},"4":{"start":{"line":25,"column":175},"end":{"line":25,"column":198}},"5":{"start":{"line":32,"column":0},"end":{"line":32,"column":26}}},"fnMap":{"0":{"name":"(anonymous_0)","decl":{"start":{"line":18,"column":19},"end":{"line":18,"column":20}},"loc":{"start":{"line":18,"column":46},"end":{"line":30,"column":1}}},"1":{"name":"(anonymous_1)","decl":{"start":{"line":24,"column":46},"end":{"line":24,"column":49}},"loc":{"start":{"line":24,"column":52},"end":{"line":24,"column":84}}},"2":{"name":"(anonymous_2)","decl":{"start":{"line":25,"column":168},"end":{"line":25,"column":169}},"loc":{"start":{"line":25,"column":175},"end":{"line":25,"column":198}}}},"branchMap":{"0":{"loc":{"start":{"line":19,"column":39},"end":{"line":19,"column":59}},"type":"default-arg","locations":[{"start":{"line":19,"column":53},"end":{"line":19,"column":59}}]},"1":{"loc":{"start":{"line":19,"column":136},"end":{"line":19,"column":149}},"type":"default-arg","locations":[{"start":{"line":19,"column":143},"end":{"line":19,"column":149}}]},"2":{"loc":{"start":{"line":22,"column":9},"end":{"line":22,"column":123}},"type":"cond-expr","locations":[{"start":{"line":22,"column":17},"end":{"line":22,"column":116}},{"start":{"line":22,"column":119},"end":{"line":22,"column":123}}]},"3":{"loc":{"start":{"line":24,"column":13},"end":{"line":24,"column":108}},"type":"cond-expr","locations":[{"start":{"line":24,"column":25},"end":{"line":24,"column":101}},{"start":{"line":24,"column":104},"end":{"line":24,"column":108}}]},"4":{"loc":{"start":{"line":24,"column":52},"end":{"line":24,"column":84}},"type":"binary-expr","locations":[{"start":{"line":24,"column":52},"end":{"line":24,"column":65}},{"start":{"line":24,"column":69},"end":{"line":24,"column":84}}]},"5":{"loc":{"start":{"line":25,"column":175},"end":{"line":25,"column":198}},"type":"binary-expr","locations":[{"start":{"line":25,"column":175},"end":{"line":25,"column":183}},{"start":{"line":25,"column":187},"end":{"line":25,"column":198}}]},"6":{"loc":{"start":{"line":26,"column":13},"end":{"line":26,"column":132}},"type":"cond-expr","locations":[{"start":{"line":26,"column":23},"end":{"line":26,"column":125}},{"start":{"line":26,"column":128},"end":{"line":26,"column":132}}]},"7":{"loc":{"start":{"line":26,"column":49},"end":{"line":26,"column":107}},"type":"cond-expr","locations":[{"start":{"line":26,"column":75},"end":{"line":26,"column":89}},{"start":{"line":26,"column":92},"end":{"line":26,"column":107}}]}},"s":{"0":1,"1":6,"2":6,"3":1,"4":1,"5":1},"f":{"0":6,"1":1,"2":1},"b":{"0":[6],"1":[0],"2":[1,5],"3":[3,3],"4":[1,1],"5":[1,1],"6":[1,5],"7":[0,1]}}
,"C:\\Users\\april\\Desktop\\Files\\React-Project\\vite-react\\vite-react-app\\src\\components\\.common\\mainContainer.tsx": {"path":"C:\\Users\\april\\Desktop\\Files\\React-Project\\vite-react\\vite-react-app\\src\\components\\.common\\mainContainer.tsx","statementMap":{"0":{"start":{"line":2,"column":0},"end":{"line":2,"column":51}},"1":{"start":{"line":8,"column":22},"end":{"line":16,"column":1}},"2":{"start":{"line":9,"column":25},"end":{"line":9,"column":30}},"3":{"start":{"line":10,"column":4},"end":{"line":15,"column":null}},"4":{"start":{"line":18,"column":0},"end":{"line":18,"column":null}}},"fnMap":{"0":{"name":"(anonymous_1)","decl":{"start":{"line":8,"column":22},"end":{"line":8,"column":23}},"loc":{"start":{"line":8,"column":52},"end":{"line":16,"column":1}}}},"branchMap":{},"s":{"0":1,"1":1,"2":1,"3":1,"4":1},"f":{"0":1},"b":{}}
,"C:\\Users\\april\\Desktop\\Files\\React-Project\\vite-react\\vite-react-app\\src\\components\\Navbar\\navbar.tsx": {"path":"C:\\Users\\april\\Desktop\\Files\\React-Project\\vite-react\\vite-react-app\\src\\components\\Navbar\\navbar.tsx","statementMap":{"0":{"start":{"line":1,"column":0},"end":{"line":1,"column":53}},"1":{"start":{"line":2,"column":0},"end":{"line":2,"column":33}},"2":{"start":{"line":4,"column":0},"end":{"line":4,"column":46}},"3":{"start":{"line":6,"column":15},"end":{"line":84,"column":1}},"4":{"start":{"line":7,"column":40},"end":{"line":7,"column":55}},"5":{"start":{"line":8,"column":21},"end":{"line":8,"column":34}},"6":{"start":{"line":9,"column":4},"end":{"line":83,"column":null}},"7":{"start":{"line":34,"column":43},"end":{"line":34,"column":61}},"8":{"start":{"line":47,"column":39},"end":{"line":47,"column":65}},"9":{"start":{"line":74,"column":47},"end":{"line":74,"column":65}},"10":{"start":{"line":86,"column":0},"end":{"line":86,"column":null}}},"fnMap":{"0":{"name":"(anonymous_1)","decl":{"start":{"line":6,"column":15},"end":{"line":6,"column":18}},"loc":{"start":{"line":6,"column":20},"end":{"line":84,"column":1}}},"1":{"name":"(anonymous_2)","decl":{"start":{"line":34,"column":37},"end":{"line":34,"column":40}},"loc":{"start":{"line":34,"column":43},"end":{"line":34,"column":61}}},"2":{"name":"(anonymous_3)","decl":{"start":{"line":47,"column":33},"end":{"line":47,"column":36}},"loc":{"start":{"line":47,"column":39},"end":{"line":47,"column":65}}},"3":{"name":"(anonymous_4)","decl":{"start":{"line":74,"column":41},"end":{"line":74,"column":44}},"loc":{"start":{"line":74,"column":47},"end":{"line":74,"column":65}}}},"branchMap":{"0":{"loc":{"start":{"line":49,"column":148},"end":{"line":49,"column":193}},"type":"cond-expr","locations":[{"start":{"line":49,"column":161},"end":{"line":49,"column":172}},{"start":{"line":49,"column":175},"end":{"line":49,"column":193}}]},"1":{"loc":{"start":{"line":50,"column":149},"end":{"line":50,"column":178}},"type":"cond-expr","locations":[{"start":{"line":50,"column":162},"end":{"line":50,"column":173}},{"start":{"line":50,"column":176},"end":{"line":50,"column":178}}]},"2":{"loc":{"start":{"line":51,"column":150},"end":{"line":51,"column":195}},"type":"cond-expr","locations":[{"start":{"line":51,"column":163},"end":{"line":51,"column":175}},{"start":{"line":51,"column":178},"end":{"line":51,"column":195}}]},"3":{"loc":{"start":{"line":54,"column":128},"end":{"line":54,"column":167}},"type":"cond-expr","locations":[{"start":{"line":54,"column":141},"end":{"line":54,"column":152}},{"start":{"line":54,"column":155},"end":{"line":54,"column":167}}]}},"s":{"0":2,"1":2,"2":2,"3":2,"4":7,"5":7,"6":7,"7":1,"8":1,"9":1,"10":2},"f":{"0":7,"1":1,"2":1,"3":1},"b":{"0":[1,6],"1":[1,6],"2":[1,6],"3":[1,6]}}
}
