TN:
SF:src\components\.common\button.tsx
FN:1,(anonymous_0)
FN:16,(anonymous_1)
FN:20,(anonymous_2)
FNF:3
FNH:3
FNDA:1,(anonymous_0)
FNDA:2,(anonymous_1)
FNDA:1,(anonymous_2)
DA:1,1
DA:2,1
DA:3,1
DA:16,1
DA:17,2
DA:18,2
DA:20,2
DA:23,1
LF:8
LH:8
BRDA:1,0,0,1
BRDA:1,0,1,1
BRDA:17,1,0,1
BRDA:18,2,0,1
BRDA:18,2,1,1
BRDA:20,3,0,1
BRDA:20,3,1,1
BRDA:20,4,0,2
BRDA:20,4,1,0
BRF:9
BRH:8
end_of_record
TN:
SF:src\components\.common\form.tsx
FN:8,(anonymous_0)
FN:11,(anonymous_1)
FN:19,(anonymous_2)
FNF:3
FNH:3
FNDA:1,(anonymous_0)
FNDA:1,(anonymous_1)
FNDA:1,(anonymous_2)
DA:8,1
DA:9,1
DA:11,1
DA:12,1
DA:13,1
DA:16,1
DA:19,1
DA:26,1
LF:8
LH:8
BRDA:13,0,0,1
BRDA:13,0,1,1
BRF:2
BRH:2
end_of_record
TN:
SF:src\components\.common\inputField.tsx
FN:18,(anonymous_0)
FN:24,(anonymous_1)
FN:25,(anonymous_2)
FNF:3
FNH:3
FNDA:6,(anonymous_0)
FNDA:1,(anonymous_1)
FNDA:1,(anonymous_2)
DA:18,1
DA:19,6
DA:21,6
DA:24,1
DA:25,1
DA:32,1
LF:6
LH:6
BRDA:19,0,0,6
BRDA:19,1,0,0
BRDA:22,2,0,1
BRDA:22,2,1,5
BRDA:24,3,0,3
BRDA:24,3,1,3
BRDA:24,4,0,1
BRDA:24,4,1,1
BRDA:25,5,0,1
BRDA:25,5,1,1
BRDA:26,6,0,1
BRDA:26,6,1,5
BRDA:26,7,0,0
BRDA:26,7,1,1
BRF:14
BRH:12
end_of_record
TN:
SF:src\components\.common\mainContainer.tsx
FN:8,(anonymous_1)
FNF:1
FNH:1
FNDA:1,(anonymous_1)
DA:2,1
DA:8,1
DA:9,1
DA:10,1
DA:18,1
LF:5
LH:5
BRF:0
BRH:0
end_of_record
TN:
SF:src\components\Navbar\navbar.tsx
FN:6,(anonymous_1)
FN:34,(anonymous_2)
FN:47,(anonymous_3)
FN:74,(anonymous_4)
FNF:4
FNH:4
FNDA:7,(anonymous_1)
FNDA:1,(anonymous_2)
FNDA:1,(anonymous_3)
FNDA:1,(anonymous_4)
DA:1,2
DA:2,2
DA:4,2
DA:6,2
DA:7,7
DA:8,7
DA:9,7
DA:34,1
DA:47,1
DA:74,1
DA:86,2
LF:11
LH:11
BRDA:49,0,0,1
BRDA:49,0,1,6
BRDA:50,1,0,1
BRDA:50,1,1,6
BRDA:51,2,0,1
BRDA:51,2,1,6
BRDA:54,3,0,1
BRDA:54,3,1,6
BRF:8
BRH:8
end_of_record
